<?xml version="1.0" encoding="UTF-8"?>
<coverage generated="1662650651590" clover="3.2.0">
  <project timestamp="1662650651591" name="All files">
    <metrics statements="14" coveredstatements="14" conditionals="5" coveredconditionals="4" methods="4" coveredmethods="4" elements="23" coveredelements="22" complexity="0" loc="14" ncloc="14" packages="1" files="1" classes="1"/>
    <file name="gradeCalculations.js" path="D:\ProjectVisualStudioCode\Project-JavaScript\LatihanTesting\gradeCalculations.js">
      <metrics statements="14" coveredstatements="14" conditionals="5" coveredconditionals="4" methods="4" coveredmethods="4"/>
      <line num="1" count="1" type="cond" truecount="0" falsecount="1"/>
      <line num="2" count="14" type="stmt"/>
      <line num="3" count="4" type="cond" truecount="2" falsecount="0"/>
      <line num="5" count="12" type="stmt"/>
      <line num="6" count="3" type="stmt"/>
      <line num="9" count="1" type="stmt"/>
      <line num="10" count="2" type="stmt"/>
      <line num="11" count="2" type="stmt"/>
      <line num="13" count="2" type="cond" truecount="2" falsecount="0"/>
      <line num="14" count="1" type="stmt"/>
      <line num="15" count="1" type="stmt"/>
      <line num="17" count="1" type="stmt"/>
      <line num="18" count="1" type="stmt"/>
      <line num="24" count="1" type="stmt"/>
    </file>
  </project>
</coverage>
